<?xml version="1.0" encoding="UTF-8"?>
<Site BuildName="Win32-MSBuild"
	BuildStamp="20241123-1731-Experimental"
	Name="DESKTOP-KBQGCNB"
	Generator="ctest-3.20.21032501-MSVC_2"
	CompilerName="C:/Program Files (x86)/Microsoft Visual Studio/2019/BuildTools/VC/Tools/MSVC/14.29.30133/bin/Hostx64/x64/cl.exe"
	CompilerVersion="19.29.30157.0"
	OSName="Windows"
	Hostname="DESKTOP-KBQGCNB"
	OSRelease=" Personal"
	OSVersion=" (Build 22631)"
	OSPlatform="AMD64"
	Is64Bits="1"
	VendorString="GenuineIntel"
	VendorID="Intel Corporation"
	FamilyID="6"
	ModelID="14"
	ProcessorCacheSize="-1"
	NumberOfLogicalCPU="8"
	NumberOfPhysicalCPU="4"
	TotalVirtualMemory="19259"
	TotalPhysicalMemory="16187"
	LogicalProcessorsPerPhysical="2"
	ProcessorClockFrequency="2305"
	>
	<Testing>
		<StartDateTime>Nov 23 09:52 Pacific Standard Time</StartDateTime>
		<StartTestTime>1732384322</StartTestTime>
		<TestList/>
		<EndDateTime>Nov 23 09:52 Pacific Standard Time</EndDateTime>
		<EndTestTime>1732384322</EndTestTime>
		<ElapsedMinutes>0</ElapsedMinutes>
	</Testing>
</Site>
